<?xml version="1.0" encoding="UTF-8"?>
<!-- Generated by org.testng.reporters.JUnitReportReporter -->
<testsuite hostname="LAPTOP-7D4JOF4H" failures="0" tests="1" name="org.sauceDemo.test.LoginPageTest" time="8.909" errors="0" timestamp="2024-07-07T21:29:07 IST" skipped="0">
  <testcase classname="org.sauceDemo.test.LoginPageTest" name="verifyUserLoginWithValidCredentials" time="8.909"/>
</testsuite> <!-- org.sauceDemo.test.LoginPageTest -->
