<?xml version="1.0" encoding="UTF-8"?>
<!-- Generated by org.testng.reporters.JUnitReportReporter -->
<testsuite hostname="LAPTOP-7D4JOF4H" failures="0" tests="1" name="org.sauceDemo.test.CheckoutStepTwoPageTest" time="10.249" errors="0" timestamp="2024-07-07T22:52:25 IST" skipped="0">
  <testcase classname="org.sauceDemo.test.CheckoutStepTwoPageTest" name="verifyAddedProductintheCart" time="10.249"/>
</testsuite> <!-- org.sauceDemo.test.CheckoutStepTwoPageTest -->
