<?xml version="1.0" encoding="UTF-8"?>
<!-- Generated by org.testng.reporters.JUnitReportReporter -->
<testsuite hostname="LAPTOP-7D4JOF4H" failures="0" tests="1" name="org.sauceDemo.test.HomePageTest" time="5.541" errors="0" timestamp="2024-07-07T21:19:48 IST" skipped="0">
  <testcase classname="org.sauceDemo.test.HomePageTest" name="verifyProductSortedByNameztoa" time="5.541"/>
</testsuite> <!-- org.sauceDemo.test.HomePageTest -->
