<?xml version="1.0" encoding="UTF-8"?>
<!-- Generated by org.testng.reporters.JUnitReportReporter -->
<testsuite hostname="LAPTOP-7D4JOF4H" failures="0" tests="1" name="org.sauceDemo.test.CheckoutStepTwoPageTest" time="30.524" errors="0" timestamp="2024-07-07T18:40:36 IST" skipped="0">
  <testcase classname="org.sauceDemo.test.CheckoutStepTwoPageTest" name="verifyAddedProductintheCart" time="30.524"/>
</testsuite> <!-- org.sauceDemo.test.CheckoutStepTwoPageTest -->
