<?xml version="1.0" encoding="UTF-8"?>
<!-- Generated by org.testng.reporters.JUnitReportReporter -->
<testsuite hostname="LAPTOP-7D4JOF4H" failures="0" tests="1" name="org.sauceDemo.test.CheckoutStepOnePageTest" time="9.623" errors="0" timestamp="2024-07-08T11:47:16 IST" skipped="0">
  <testcase classname="org.sauceDemo.test.CheckoutStepOnePageTest" name="verifyContinueFunctionalityNavigatesToCheckoutStepTwoPage" time="9.623"/>
</testsuite> <!-- org.sauceDemo.test.CheckoutStepOnePageTest -->
