<?xml version="1.0" encoding="UTF-8"?>
<!-- Generated by org.testng.reporters.JUnitReportReporter -->
<testsuite hostname="LAPTOP-7D4JOF4H" failures="0" tests="5" name="org.sauceDemo.test.LoginPageTest" time="64.445" errors="0" timestamp="2024-07-07T22:52:25 IST" skipped="0">
  <testcase classname="org.sauceDemo.test.LoginPageTest" name="verifyErrorMessageWhileLoginWithInvalidCredentials" time="8.532"/>
  <testcase classname="org.sauceDemo.test.LoginPageTest" name="verifyErrorMessageWhileLoginWithInvalidCredentials" time="9.703"/>
  <testcase classname="org.sauceDemo.test.LoginPageTest" name="verifyUserLoginWithValidCredentials" time="13.926"/>
  <testcase classname="org.sauceDemo.test.LoginPageTest" name="verifyErrorMessageWhileLoginWithInvalidCredentials" time="20.843"/>
  <testcase classname="org.sauceDemo.test.LoginPageTest" name="verifyLoginPageTitle" time="11.441"/>
</testsuite> <!-- org.sauceDemo.test.LoginPageTest -->
