<?xml version="1.0" encoding="UTF-8"?>
<!-- Generated by org.testng.reporters.JUnitReportReporter -->
<testsuite hostname="LAPTOP-7D4JOF4H" failures="0" tests="4" name="org.sauceDemo.test.HomePageTest" time="50.876" errors="0" timestamp="2024-07-07T22:52:25 IST" skipped="0">
  <testcase classname="org.sauceDemo.test.HomePageTest" name="verifyProductSortedByNameAtoZ" time="11.931"/>
  <testcase classname="org.sauceDemo.test.HomePageTest" name="verifyProductSortedByNameZtoA" time="18.876"/>
  <testcase classname="org.sauceDemo.test.HomePageTest" name="verifyProductSortedByPriceHtoL" time="11.141"/>
  <testcase classname="org.sauceDemo.test.HomePageTest" name="verifyProductSortedByPriceLtoH" time="8.928"/>
</testsuite> <!-- org.sauceDemo.test.HomePageTest -->
