<?xml version="1.0" encoding="UTF-8"?>
<!-- Generated by org.testng.reporters.JUnitReportReporter -->
<testsuite hostname="LAPTOP-7D4JOF4H" failures="0" tests="1" name="org.sauceDemo.test.CheckoutStepOnePageTest" time="8.629" errors="0" timestamp="2024-07-07T21:02:18 IST" skipped="0">
  <testcase classname="org.sauceDemo.test.CheckoutStepOnePageTest" name="verifyContinueFunctionalityNavigatesToCheckoutStepTwoPage" time="8.629"/>
</testsuite> <!-- org.sauceDemo.test.CheckoutStepOnePageTest -->
