<?xml version="1.0" encoding="UTF-8"?>
<!-- Generated by org.testng.reporters.JUnitReportReporter -->
<testsuite hostname="LAPTOP-7D4JOF4H" failures="0" tests="4" name="org.sauceDemo.test.HomePageTest" time="37.163" errors="0" timestamp="2024-07-08T11:47:16 IST" skipped="0">
  <testcase classname="org.sauceDemo.test.HomePageTest" name="isVerifyProductSortedByNameAtoZ" time="9.196"/>
  <testcase classname="org.sauceDemo.test.HomePageTest" name="isVerifyProductSortedByNameZtoA" time="7.681"/>
  <testcase classname="org.sauceDemo.test.HomePageTest" name="isVerifyProductSortedByPriceHtoL" time="12.353"/>
  <testcase classname="org.sauceDemo.test.HomePageTest" name="isVerifyProductSortedByPriceLtoH" time="7.933"/>
</testsuite> <!-- org.sauceDemo.test.HomePageTest -->
