<?xml version="1.0" encoding="UTF-8"?>
<!-- Generated by org.testng.reporters.JUnitReportReporter -->
<testsuite hostname="LAPTOP-7D4JOF4H" failures="0" tests="1" name="org.sauceDemo.test.CheckoutCompletePageTest" time="8.009" errors="0" timestamp="2024-07-07T21:08:31 IST" skipped="0">
  <testcase classname="org.sauceDemo.test.CheckoutCompletePageTest" name="verifySuccessfulCompleteCheckout" time="8.009"/>
</testsuite> <!-- org.sauceDemo.test.CheckoutCompletePageTest -->
