<?xml version="1.0" encoding="UTF-8"?>
<!-- Generated by org.testng.reporters.JUnitReportReporter -->
<testsuite hostname="LAPTOP-7D4JOF4H" failures="0" tests="1" name="org.sauceDemo.test.CartPageTest" time="33.079" errors="0" timestamp="2024-07-07T16:41:49 IST" skipped="0">
  <testcase classname="org.sauceDemo.test.CartPageTest" name="verifyAddedFirstThreeLowPriceProductintheCart" time="33.079"/>
</testsuite> <!-- org.sauceDemo.test.CartPageTest -->
